# JRE version: OpenJDK Runtime Environment (11.0.13) (build 11.0.13+0-b1751.21-8125866)
# Java VM: OpenJDK 64-Bit Server VM (11.0.13+0-b1751.21-8125866, mixed mode, tiered, compressed oops, g1 gc, windows-amd64)
Heap:
 garbage-first heap   total 251904K, used 195827K [0x0000000080000000, 0x0000000100000000)
  region size 1024K, 61 young (62464K), 7 survivors (7168K)
 Metaspace       used 102355K, capacity 105266K, committed 106020K, reserved 1140736K
  class space    used 12753K, capacity 13728K, committed 14080K, reserved 1048576K
GC Heap History (20 events):
Event: 7.293 GC heap before
{Heap before GC invocations=10 (full 0):
 garbage-first heap   total 251904K, used 166272K [0x0000000080000000, 0x0000000100000000)
  region size 1024K, 86 young (88064K), 4 survivors (4096K)
 Metaspace       used 64938K, capacity 66588K, committed 66852K, reserved 1107968K
  class space    used 8360K, capacity 8914K, committed 8960K, reserved 1048576K
}
Event: 7.298 GC heap after
{Heap after GC invocations=11 (full 0):
 garbage-first heap   total 251904K, used 86373K [0x0000000080000000, 0x0000000100000000)
  region size 1024K, 9 young (9216K), 9 survivors (9216K)
 Metaspace       used 64938K, capacity 66588K, committed 66852K, reserved 1107968K
  class space    used 8360K, capacity 8914K, committed 8960K, reserved 1048576K
}
Event: 8.109 GC heap before
{Heap before GC invocations=11 (full 0):
 garbage-first heap   total 251904K, used 194917K [0x0000000080000000, 0x0000000100000000)
  region size 1024K, 93 young (95232K), 9 survivors (9216K)
 Metaspace       used 71108K, capacity 72979K, committed 73124K, reserved 1112064K
  class space    used 9124K, capacity 9755K, committed 9856K, reserved 1048576K
}
Event: 8.117 GC heap after
{Heap after GC invocations=12 (full 0):
 garbage-first heap   total 251904K, used 121464K [0x0000000080000000, 0x0000000100000000)
  region size 1024K, 12 young (12288K), 12 survivors (12288K)
 Metaspace       used 71108K, capacity 72979K, committed 73124K, reserved 1112064K
  class space    used 9124K, capacity 9755K, committed 9856K, reserved 1048576K
}
Event: 8.495 GC heap before
{Heap before GC invocations=12 (full 0):
 garbage-first heap   total 251904K, used 189048K [0x0000000080000000, 0x0000000100000000)
  region size 1024K, 78 young (79872K), 12 survivors (12288K)
 Metaspace       used 74062K, capacity 76043K, committed 76324K, reserved 1116160K
  class space    used 9534K, capacity 10193K, committed 10240K, reserved 1048576K
}
Event: 8.501 GC heap after
{Heap after GC invocations=13 (full 0):
 garbage-first heap   total 251904K, used 123826K [0x0000000080000000, 0x0000000100000000)
  region size 1024K, 3 young (3072K), 3 survivors (3072K)
 Metaspace       used 74062K, capacity 76043K, committed 76324K, reserved 1116160K
  class space    used 9534K, capacity 10193K, committed 10240K, reserved 1048576K
}
Event: 9.112 GC heap before
{Heap before GC invocations=13 (full 0):
 garbage-first heap   total 251904K, used 192434K [0x0000000080000000, 0x0000000100000000)
  region size 1024K, 70 young (71680K), 3 survivors (3072K)
 Metaspace       used 79170K, capacity 81267K, committed 81444K, reserved 1120256K
  class space    used 10242K, capacity 10935K, committed 11008K, reserved 1048576K
}
Event: 9.117 GC heap after
{Heap after GC invocations=14 (full 0):
 garbage-first heap   total 251904K, used 127107K [0x0000000080000000, 0x0000000100000000)
  region size 1024K, 6 young (6144K), 6 survivors (6144K)
 Metaspace       used 79170K, capacity 81267K, committed 81444K, reserved 1120256K
  class space    used 10242K, capacity 10935K, committed 11008K, reserved 1048576K
}
Event: 9.787 GC heap before
{Heap before GC invocations=15 (full 0):
 garbage-first heap   total 251904K, used 196739K [0x0000000080000000, 0x0000000100000000)
  region size 1024K, 74 young (75776K), 6 survivors (6144K)
 Metaspace       used 83488K, capacity 85522K, committed 85796K, reserved 1124352K
  class space    used 10821K, capacity 11492K, committed 11520K, reserved 1048576K
}
Event: 9.791 GC heap after
{Heap after GC invocations=16 (full 0):
 garbage-first heap   total 251904K, used 129828K [0x0000000080000000, 0x0000000100000000)
  region size 1024K, 8 young (8192K), 8 survivors (8192K)
 Metaspace       used 83488K, capacity 85522K, committed 85796K, reserved 1124352K
  class space    used 10821K, capacity 11492K, committed 11520K, reserved 1048576K
}
Event: 9.898 GC heap before
{Heap before GC invocations=16 (full 0):
 garbage-first heap   total 251904K, used 144164K [0x0000000080000000, 0x0000000100000000)
  region size 1024K, 23 young (23552K), 8 survivors (8192K)
 Metaspace       used 84385K, capacity 86392K, committed 86692K, reserved 1124352K
  class space    used 10925K, capacity 11589K, committed 11648K, reserved 1048576K
}
Event: 9.903 GC heap after
{Heap after GC invocations=17 (full 0):
 garbage-first heap   total 251904K, used 130522K [0x0000000080000000, 0x0000000100000000)
  region size 1024K, 4 young (4096K), 4 survivors (4096K)
 Metaspace       used 84385K, capacity 86392K, committed 86692K, reserved 1124352K
  class space    used 10925K, capacity 11589K, committed 11648K, reserved 1048576K
}
Event: 11.165 GC heap before
{Heap before GC invocations=18 (full 0):
 garbage-first heap   total 251904K, used 189914K [0x0000000080000000, 0x0000000100000000)
  region size 1024K, 62 young (63488K), 4 survivors (4096K)
 Metaspace       used 89763K, capacity 92298K, committed 92452K, reserved 1130496K
  class space    used 11588K, capacity 12521K, committed 12544K, reserved 1048576K
}
Event: 11.172 GC heap after
{Heap after GC invocations=19 (full 0):
 garbage-first heap   total 251904K, used 133587K [0x0000000080000000, 0x0000000100000000)
  region size 1024K, 7 young (7168K), 7 survivors (7168K)
 Metaspace       used 89763K, capacity 92298K, committed 92452K, reserved 1130496K
  class space    used 11588K, capacity 12521K, committed 12544K, reserved 1048576K
}
Event: 11.381 GC heap before
{Heap before GC invocations=19 (full 0):
 garbage-first heap   total 251904K, used 192979K [0x0000000080000000, 0x0000000100000000)
  region size 1024K, 66 young (67584K), 7 survivors (7168K)
 Metaspace       used 90135K, capacity 92650K, committed 92708K, reserved 1130496K
  class space    used 11593K, capacity 12524K, committed 12544K, reserved 1048576K
}
Event: 11.390 GC heap after
{Heap after GC invocations=20 (full 0):
 garbage-first heap   total 251904K, used 136853K [0x0000000080000000, 0x0000000100000000)
  region size 1024K, 8 young (8192K), 8 survivors (8192K)
 Metaspace       used 90135K, capacity 92650K, committed 92708K, reserved 1130496K
  class space    used 11593K, capacity 12524K, committed 12544K, reserved 1048576K
}
Event: 11.871 GC heap before
{Heap before GC invocations=21 (full 0):
 garbage-first heap   total 251904K, used 197269K [0x0000000080000000, 0x0000000100000000)
  region size 1024K, 68 young (69632K), 8 survivors (8192K)
 Metaspace       used 93131K, capacity 95790K, committed 95908K, reserved 1132544K
  class space    used 11948K, capacity 12903K, committed 12928K, reserved 1048576K
}
Event: 11.877 GC heap after
{Heap after GC invocations=22 (full 0):
 garbage-first heap   total 251904K, used 139945K [0x0000000080000000, 0x0000000100000000)
  region size 1024K, 7 young (7168K), 7 survivors (7168K)
 Metaspace       used 93131K, capacity 95790K, committed 95908K, reserved 1132544K
  class space    used 11948K, capacity 12903K, committed 12928K, reserved 1048576K
}
Event: 65.117 GC heap before
{Heap before GC invocations=22 (full 0):
 garbage-first heap   total 251904K, used 200361K [0x0000000080000000, 0x0000000100000000)
  region size 1024K, 67 young (68608K), 7 survivors (7168K)
 Metaspace       used 98357K, capacity 101447K, committed 101796K, reserved 1138688K
  class space    used 12496K, capacity 13598K, committed 13696K, reserved 1048576K
}
Event: 65.122 GC heap after
{Heap after GC invocations=23 (full 0):
 garbage-first heap   total 251904K, used 142579K [0x0000000080000000, 0x0000000100000000)
  region size 1024K, 7 young (7168K), 7 survivors (7168K)
 Metaspace       used 98357K, capacity 101447K, committed 101796K, reserved 1138688K
  class space    used 12496K, capacity 13598K, committed 13696K, reserved 1048576K
}

